Compiling and linking c:\msripv6\netmon\tcpip6 ********************
'nmake.exe /c BUILDMSG=Stop. -i NTTEST= UMTEST= MAKEDLL=1 386=1'
cl -nologo -Ii386\ -I. -IC:\WINNT\system32\drivers\NTDDK\inc -IC:\WINNT\system32\drivers\NTDDK\inc -IC:\WINNT\system32\drivers\NTDDK\private\inc -IC:\WINNT\system32\drivers\NTDDK\inc -D_X86_=1 -Di386=1   -DCONDITION_HANDLING=1 -DNT_UP=1  -DNT_INST=0 -DWIN32=100 -D_NT1X_=100 -DWINNT=1 -D_WIN32_WINNT=0x0500 -DWINVER=0x0500 -D_WIN32_IE=0x0501    -DWIN32_LEAN_AND_MEAN=1 -DDEVL=1 -DFPO=1    -DNDEBUG      /c /Zel /Zp8 /Gy  /W3 /Gd  /QIfdiv- /QIf /QI0f /GB /Gi- /Gm- /GX-  /GR- /GF -Z7 /Oxs /Oy   -FIC:\WINNT\system32\drivers\NTDDK\inc\warning.h  .\tcpip6.c
tcpip6.c
cl -nologo -Ii386\ -I. -IC:\WINNT\system32\drivers\NTDDK\inc -IC:\WINNT\system32\drivers\NTDDK\inc -IC:\WINNT\system32\drivers\NTDDK\private\inc -IC:\WINNT\system32\drivers\NTDDK\inc -D_X86_=1 -Di386=1   -DCONDITION_HANDLING=1 -DNT_UP=1  -DNT_INST=0 -DWIN32=100 -D_NT1X_=100 -DWINNT=1 -D_WIN32_WINNT=0x0500 -DWINVER=0x0500 -D_WIN32_IE=0x0501    -DWIN32_LEAN_AND_MEAN=1 -DDEVL=1 -DFPO=1    -DNDEBUG      /c /Zel /Zp8 /Gy  /W3 /Gd  /QIfdiv- /QIf /QI0f /GB /Gi- /Gm- /GX-  /GR- /GF -Z7 /Oxs /Oy   -FIC:\WINNT\system32\drivers\NTDDK\inc\warning.h  .\ip6.c
ip6.c
cl -nologo -Ii386\ -I. -IC:\WINNT\system32\drivers\NTDDK\inc -IC:\WINNT\system32\drivers\NTDDK\inc -IC:\WINNT\system32\drivers\NTDDK\private\inc -IC:\WINNT\system32\drivers\NTDDK\inc -D_X86_=1 -Di386=1   -DCONDITION_HANDLING=1 -DNT_UP=1  -DNT_INST=0 -DWIN32=100 -D_NT1X_=100 -DWINNT=1 -D_WIN32_WINNT=0x0500 -DWINVER=0x0500 -D_WIN32_IE=0x0501    -DWIN32_LEAN_AND_MEAN=1 -DDEVL=1 -DFPO=1    -DNDEBUG      /c /Zel /Zp8 /Gy  /W3 /Gd  /QIfdiv- /QIf /QI0f /GB /Gi- /Gm- /GX-  /GR- /GF -Z7 /Oxs /Oy   -FIC:\WINNT\system32\drivers\NTDDK\inc\warning.h  .\ip6tbls.c
ip6tbls.c
cl -nologo -Ii386\ -I. -IC:\WINNT\system32\drivers\NTDDK\inc -IC:\WINNT\system32\drivers\NTDDK\inc -IC:\WINNT\system32\drivers\NTDDK\private\inc -IC:\WINNT\system32\drivers\NTDDK\inc -D_X86_=1 -Di386=1   -DCONDITION_HANDLING=1 -DNT_UP=1  -DNT_INST=0 -DWIN32=100 -D_NT1X_=100 -DWINNT=1 -D_WIN32_WINNT=0x0500 -DWINVER=0x0500 -D_WIN32_IE=0x0501    -DWIN32_LEAN_AND_MEAN=1 -DDEVL=1 -DFPO=1    -DNDEBUG      /c /Zel /Zp8 /Gy  /W3 /Gd  /QIfdiv- /QIf /QI0f /GB /Gi- /Gm- /GX-  /GR- /GF -Z7 /Oxs /Oy   -FIC:\WINNT\system32\drivers\NTDDK\inc\warning.h  .\icmp6.c
icmp6.c
cl -nologo -Ii386\ -I. -IC:\WINNT\system32\drivers\NTDDK\inc -IC:\WINNT\system32\drivers\NTDDK\inc -IC:\WINNT\system32\drivers\NTDDK\private\inc -IC:\WINNT\system32\drivers\NTDDK\inc -D_X86_=1 -Di386=1   -DCONDITION_HANDLING=1 -DNT_UP=1  -DNT_INST=0 -DWIN32=100 -D_NT1X_=100 -DWINNT=1 -D_WIN32_WINNT=0x0500 -DWINVER=0x0500 -D_WIN32_IE=0x0501    -DWIN32_LEAN_AND_MEAN=1 -DDEVL=1 -DFPO=1    -DNDEBUG      /c /Zel /Zp8 /Gy  /W3 /Gd  /QIfdiv- /QIf /QI0f /GB /Gi- /Gm- /GX-  /GR- /GF -Z7 /Oxs /Oy   -FIC:\WINNT\system32\drivers\NTDDK\inc\warning.h  .\icmp6tbl.c
icmp6tbl.c
	lib -out:objfre\i386\tcpip6.lib @C:\DOCUME~1\JONATH~1.000\LOCALS~1\Temp\nma02684.
Microsoft (R) Library Manager Version 6.00.8168
Copyright (C) Microsoft Corp 1992-1998. All rights reserved.

-debugtype:cv 
-IGNORE:4001,4037,4039,4044,4065,4070,4078,4087,4089,4198 
/newimplib 
-nodefaultlib 
-machine:ix86 
-def:tcpip6.def 
objfre\i386\tcpip6.obj 
objfre\i386\ip6.obj 
objfre\i386\ip6tbls.obj 
objfre\i386\icmp6.obj 
objfre\i386\icmp6tbl.obj 
   Creating library objfre\i386\tcpip6.lib and object objfre\i386\tcpip6.exp
NMAKE :  U1073: don't know how to make 'C:\Program'
Stop.
BUILD: nmake.exe failed - rc = 2
Compiling and linking c:\msripv6\tcpip6\ip6 ********************
'nmake.exe /c BUILDMSG=Stop. -i NTTEST= UMTEST= 386=1'
cl -nologo -Ii386\ -I. -I..\common -I..\inc -I..\..\inc -IC:\WINNT\system32\drivers\NTDDK\src\network\inc -I..\algrthms -IC:\WINNT\system32\drivers\NTDDK\inc -IC:\WINNT\system32\drivers\NTDDK\inc -IC:\WINNT\system32\drivers\NTDDK\private\inc -IC:\WINNT\system32\drivers\NTDDK\inc -D_X86_=1 -Di386=1  -DSTD_CALL -DCONDITION_HANDLING=1   -DNT_INST=0 -DWIN32=100 -D_NT1X_=100 -DWINNT=1 -D_WIN32_WINNT=0x0500 -DWINVER=0x0500 -D_WIN32_IE=0x0501    -DWIN32_LEAN_AND_MEAN=1 -DDEVL=1 -DFPO=1    -DNDEBUG  -DNT -D_NTDRIVER_ -D_PNP_POWER -DSECFLTR     /c /Zel /Zp8 /Gy  /W3 /WX /Gz  /QIfdiv- /QIf /QI0f /GB /Gi- /Gm- /GX-  /GR- /GF -Z7 /Oxs /Oy   -FIC:\WINNT\system32\drivers\NTDDK\inc\warning.h  .\ntip.c
ntip.c
c:\msripv6\tcpip6\common\oscfg.h(57) : fatal error C1083: Cannot open include file: 'ntddk.h': No such file or directory
cl -nologo -Ii386\ -I. -I..\common -I..\inc -I..\..\inc -IC:\WINNT\system32\drivers\NTDDK\src\network\inc -I..\algrthms -IC:\WINNT\system32\drivers\NTDDK\inc -IC:\WINNT\system32\drivers\NTDDK\inc -IC:\WINNT\system32\drivers\NTDDK\private\inc -IC:\WINNT\system32\drivers\NTDDK\inc -D_X86_=1 -Di386=1  -DSTD_CALL -DCONDITION_HANDLING=1   -DNT_INST=0 -DWIN32=100 -D_NT1X_=100 -DWINNT=1 -D_WIN32_WINNT=0x0500 -DWINVER=0x0500 -D_WIN32_IE=0x0501    -DWIN32_LEAN_AND_MEAN=1 -DDEVL=1 -DFPO=1    -DNDEBUG  -DNT -D_NTDRIVER_ -D_PNP_POWER -DSECFLTR     /c /Zel /Zp8 /Gy  /W3 /WX /Gz  /QIfdiv- /QIf /QI0f /GB /Gi- /Gm- /GX-  /GR- /GF -Z7 /Oxs /Oy   -FIC:\WINNT\system32\drivers\NTDDK\inc\warning.h  .\ntirp.c
ntirp.c
c:\msripv6\tcpip6\common\oscfg.h(57) : fatal error C1083: Cannot open include file: 'ntddk.h': No such file or directory
cl -nologo -Ii386\ -I. -I..\common -I..\inc -I..\..\inc -IC:\WINNT\system32\drivers\NTDDK\src\network\inc -I..\algrthms -IC:\WINNT\system32\drivers\NTDDK\inc -IC:\WINNT\system32\drivers\NTDDK\inc -IC:\WINNT\system32\drivers\NTDDK\private\inc -IC:\WINNT\system32\drivers\NTDDK\inc -D_X86_=1 -Di386=1  -DSTD_CALL -DCONDITION_HANDLING=1   -DNT_INST=0 -DWIN32=100 -D_NT1X_=100 -DWINNT=1 -D_WIN32_WINNT=0x0500 -DWINVER=0x0500 -D_WIN32_IE=0x0501    -DWIN32_LEAN_AND_MEAN=1 -DDEVL=1 -DFPO=1    -DNDEBUG  -DNT -D_NTDRIVER_ -D_PNP_POWER -DSECFLTR     /c /Zel /Zp8 /Gy  /W3 /WX /Gz  /QIfdiv- /QIf /QI0f /GB /Gi- /Gm- /GX-  /GR- /GF -Z7 /Oxs /Oy   -FIC:\WINNT\system32\drivers\NTDDK\inc\warning.h  .\ntreg.c
ntreg.c
c:\msripv6\tcpip6\common\oscfg.h(57) : fatal error C1083: Cannot open include file: 'ntddk.h': No such file or directory
cl -nologo -Ii386\ -I. -I..\common -I..\inc -I..\..\inc -IC:\WINNT\system32\drivers\NTDDK\src\network\inc -I..\algrthms -IC:\WINNT\system32\drivers\NTDDK\inc -IC:\WINNT\system32\drivers\NTDDK\inc -IC:\WINNT\system32\drivers\NTDDK\private\inc -IC:\WINNT\system32\drivers\NTDDK\inc -D_X86_=1 -Di386=1  -DSTD_CALL -DCONDITION_HANDLING=1   -DNT_INST=0 -DWIN32=100 -D_NT1X_=100 -DWINNT=1 -D_WIN32_WINNT=0x0500 -DWINVER=0x0500 -D_WIN32_IE=0x0501    -DWIN32_LEAN_AND_MEAN=1 -DDEVL=1 -DFPO=1    -DNDEBUG  -DNT -D_NTDRIVER_ -D_PNP_POWER -DSECFLTR     /c /Zel /Zp8 /Gy  /W3 /WX /Gz  /QIfdiv- /QIf /QI0f /GB /Gi- /Gm- /GX-  /GR- /GF -Z7 /Oxs /Oy   -FIC:\WINNT\system32\drivers\NTDDK\inc\warning.h  .\init.c
init.c
c:\msripv6\tcpip6\common\oscfg.h(57) : fatal error C1083: Cannot open include file: 'ntddk.h': No such file or directory
cl -nologo -Ii386\ -I. -I..\common -I..\inc -I..\..\inc -IC:\WINNT\system32\drivers\NTDDK\src\network\inc -I..\algrthms -IC:\WINNT\system32\drivers\NTDDK\inc -IC:\WINNT\system32\drivers\NTDDK\inc -IC:\WINNT\system32\drivers\NTDDK\private\inc -IC:\WINNT\system32\drivers\NTDDK\inc -D_X86_=1 -Di386=1  -DSTD_CALL -DCONDITION_HANDLING=1   -DNT_INST=0 -DWIN32=100 -D_NT1X_=100 -DWINNT=1 -D_WIN32_WINNT=0x0500 -DWINVER=0x0500 -D_WIN32_IE=0x0501    -DWIN32_LEAN_AND_MEAN=1 -DDEVL=1 -DFPO=1    -DNDEBUG  -DNT -D_NTDRIVER_ -D_PNP_POWER -DSECFLTR     /c /Zel /Zp8 /Gy  /W3 /WX /Gz  /QIfdiv- /QIf /QI0f /GB /Gi- /Gm- /GX-  /GR- /GF -Z7 /Oxs /Oy   -FIC:\WINNT\system32\drivers\NTDDK\inc\warning.h  .\loopback.c
loopback.c
c:\msripv6\tcpip6\common\oscfg.h(57) : fatal error C1083: Cannot open include file: 'ntddk.h': No such file or directory
cl -nologo -Ii386\ -I. -I..\common -I..\inc -I..\..\inc -IC:\WINNT\system32\drivers\NTDDK\src\network\inc -I..\algrthms -IC:\WINNT\system32\drivers\NTDDK\inc -IC:\WINNT\system32\drivers\NTDDK\inc -IC:\WINNT\system32\drivers\NTDDK\private\inc -IC:\WINNT\system32\drivers\NTDDK\inc -D_X86_=1 -Di386=1  -DSTD_CALL -DCONDITION_HANDLING=1   -DNT_INST=0 -DWIN32=100 -D_NT1X_=100 -DWINNT=1 -D_WIN32_WINNT=0x0500 -DWINVER=0x0500 -D_WIN32_IE=0x0501    -DWIN32_LEAN_AND_MEAN=1 -DDEVL=1 -DFPO=1    -DNDEBUG  -DNT -D_NTDRIVER_ -D_PNP_POWER -DSECFLTR     /c /Zel /Zp8 /Gy  /W3 /WX /Gz  /QIfdiv- /QIf /QI0f /GB /Gi- /Gm- /GX-  /GR- /GF -Z7 /Oxs /Oy   -FIC:\WINNT\system32\drivers\NTDDK\inc\warning.h  .\send.c
send.c
c:\msripv6\tcpip6\common\oscfg.h(57) : fatal error C1083: Cannot open include file: 'ntddk.h': No such file or directory
cl -nologo -Ii386\ -I. -I..\common -I..\inc -I..\..\inc -IC:\WINNT\system32\drivers\NTDDK\src\network\inc -I..\algrthms -IC:\WINNT\system32\drivers\NTDDK\inc -IC:\WINNT\system32\drivers\NTDDK\inc -IC:\WINNT\system32\drivers\NTDDK\private\inc -IC:\WINNT\system32\drivers\NTDDK\inc -D_X86_=1 -Di386=1  -DSTD_CALL -DCONDITION_HANDLING=1   -DNT_INST=0 -DWIN32=100 -D_NT1X_=100 -DWINNT=1 -D_WIN32_WINNT=0x0500 -DWINVER=0x0500 -D_WIN32_IE=0x0501    -DWIN32_LEAN_AND_MEAN=1 -DDEVL=1 -DFPO=1    -DNDEBUG  -DNT -D_NTDRIVER_ -D_PNP_POWER -DSECFLTR     /c /Zel /Zp8 /Gy  /W3 /WX /Gz  /QIfdiv- /QIf /QI0f /GB /Gi- /Gm- /GX-  /GR- /GF -Z7 /Oxs /Oy   -FIC:\WINNT\system32\drivers\NTDDK\inc\warning.h  .\receive.c
receive.c
c:\msripv6\tcpip6\common\oscfg.h(57) : fatal error C1083: Cannot open include file: 'ntddk.h': No such file or directory
cl -nologo -Ii386\ -I. -I..\common -I..\inc -I..\..\inc -IC:\WINNT\system32\drivers\NTDDK\src\network\inc -I..\algrthms -IC:\WINNT\system32\drivers\NTDDK\inc -IC:\WINNT\system32\drivers\NTDDK\inc -IC:\WINNT\system32\drivers\NTDDK\private\inc -IC:\WINNT\system32\drivers\NTDDK\inc -D_X86_=1 -Di386=1  -DSTD_CALL -DCONDITION_HANDLING=1   -DNT_INST=0 -DWIN32=100 -D_NT1X_=100 -DWINNT=1 -D_WIN32_WINNT=0x0500 -DWINVER=0x0500 -D_WIN32_IE=0x0501    -DWIN32_LEAN_AND_MEAN=1 -DDEVL=1 -DFPO=1    -DNDEBUG  -DNT -D_NTDRIVER_ -D_PNP_POWER -DSECFLTR     /c /Zel /Zp8 /Gy  /W3 /WX /Gz  /QIfdiv- /QIf /QI0f /GB /Gi- /Gm- /GX-  /GR- /GF -Z7 /Oxs /Oy   -FIC:\WINNT\system32\drivers\NTDDK\inc\warning.h  .\lan.c
lan.c
c:\msripv6\tcpip6\common\oscfg.h(57) : fatal error C1083: Cannot open include file: 'ntddk.h': No such file or directory
cl -nologo -Ii386\ -I. -I..\common -I..\inc -I..\..\inc -IC:\WINNT\system32\drivers\NTDDK\src\network\inc -I..\algrthms -IC:\WINNT\system32\drivers\NTDDK\inc -IC:\WINNT\system32\drivers\NTDDK\inc -IC:\WINNT\system32\drivers\NTDDK\private\inc -IC:\WINNT\system32\drivers\NTDDK\inc -D_X86_=1 -Di386=1  -DSTD_CALL -DCONDITION_HANDLING=1   -DNT_INST=0 -DWIN32=100 -D_NT1X_=100 -DWINNT=1 -D_WIN32_WINNT=0x0500 -DWINVER=0x0500 -D_WIN32_IE=0x0501    -DWIN32_LEAN_AND_MEAN=1 -DDEVL=1 -DFPO=1    -DNDEBUG  -DNT -D_NTDRIVER_ -D_PNP_POWER -DSECFLTR     /c /Zel /Zp8 /Gy  /W3 /WX /Gz  /QIfdiv- /QIf /QI0f /GB /Gi- /Gm- /GX-  /GR- /GF -Z7 /Oxs /Oy   -FIC:\WINNT\system32\drivers\NTDDK\inc\warning.h  .\prototab.c
prototab.c
c:\msripv6\tcpip6\common\oscfg.h(57) : fatal error C1083: Cannot open include file: 'ntddk.h': No such file or directory
cl -nologo -Ii386\ -I. -I..\common -I..\inc -I..\..\inc -IC:\WINNT\system32\drivers\NTDDK\src\network\inc -I..\algrthms -IC:\WINNT\system32\drivers\NTDDK\inc -IC:\WINNT\system32\drivers\NTDDK\inc -IC:\WINNT\system32\drivers\NTDDK\private\inc -IC:\WINNT\system32\drivers\NTDDK\inc -D_X86_=1 -Di386=1  -DSTD_CALL -DCONDITION_HANDLING=1   -DNT_INST=0 -DWIN32=100 -D_NT1X_=100 -DWINNT=1 -D_WIN32_WINNT=0x0500 -DWINVER=0x0500 -D_WIN32_IE=0x0501    -DWIN32_LEAN_AND_MEAN=1 -DDEVL=1 -DFPO=1    -DNDEBUG  -DNT -D_NTDRIVER_ -D_PNP_POWER -DSECFLTR     /c /Zel /Zp8 /Gy  /W3 /WX /Gz  /QIfdiv- /QIf /QI0f /GB /Gi- /Gm- /GX-  /GR- /GF -Z7 /Oxs /Oy   -FIC:\WINNT\system32\drivers\NTDDK\inc\warning.h  .\icmp.c
icmp.c
c:\msripv6\tcpip6\common\oscfg.h(57) : fatal error C1083: Cannot open include file: 'ntddk.h': No such file or directory
cl -nologo -Ii386\ -I. -I..\common -I..\inc -I..\..\inc -IC:\WINNT\system32\drivers\NTDDK\src\network\inc -I..\algrthms -IC:\WINNT\system32\drivers\NTDDK\inc -IC:\WINNT\system32\drivers\NTDDK\inc -IC:\WINNT\system32\drivers\NTDDK\private\inc -IC:\WINNT\system32\drivers\NTDDK\inc -D_X86_=1 -Di386=1  -DSTD_CALL -DCONDITION_HANDLING=1   -DNT_INST=0 -DWIN32=100 -D_NT1X_=100 -DWINNT=1 -D_WIN32_WINNT=0x0500 -DWINVER=0x0500 -D_WIN32_IE=0x0501    -DWIN32_LEAN_AND_MEAN=1 -DDEVL=1 -DFPO=1    -DNDEBUG  -DNT -D_NTDRIVER_ -D_PNP_POWER -DSECFLTR     /c /Zel /Zp8 /Gy  /W3 /WX /Gz  /QIfdiv- /QIf /QI0f /GB /Gi- /Gm- /GX-  /GR- /GF -Z7 /Oxs /Oy   -FIC:\WINNT\system32\drivers\NTDDK\inc\warning.h  .\mld.c
mld.c
c:\msripv6\tcpip6\common\oscfg.h(57) : fatal error C1083: Cannot open include file: 'ntddk.h': No such file or directory
cl -nologo -Ii386\ -I. -I..\common -I..\inc -I..\..\inc -IC:\WINNT\system32\drivers\NTDDK\src\network\inc -I..\algrthms -IC:\WINNT\system32\drivers\NTDDK\inc -IC:\WINNT\system32\drivers\NTDDK\inc -IC:\WINNT\system32\drivers\NTDDK\private\inc -IC:\WINNT\system32\drivers\NTDDK\inc -D_X86_=1 -Di386=1  -DSTD_CALL -DCONDITION_HANDLING=1   -DNT_INST=0 -DWIN32=100 -D_NT1X_=100 -DWINNT=1 -D_WIN32_WINNT=0x0500 -DWINVER=0x0500 -D_WIN32_IE=0x0501    -DWIN32_LEAN_AND_MEAN=1 -DDEVL=1 -DFPO=1    -DNDEBUG  -DNT -D_NTDRIVER_ -D_PNP_POWER -DSECFLTR     /c /Zel /Zp8 /Gy  /W3 /WX /Gz  /QIfdiv- /QIf /QI0f /GB /Gi- /Gm- /GX-  /GR- /GF -Z7 /Oxs /Oy   -FIC:\WINNT\system32\drivers\NTDDK\inc\warning.h  .\neighbor.c
neighbor.c
c:\msripv6\tcpip6\common\oscfg.h(57) : fatal error C1083: Cannot open include file: 'ntddk.h': No such file or directory
cl -nologo -Ii386\ -I. -I..\common -I..\inc -I..\..\inc -IC:\WINNT\system32\drivers\NTDDK\src\network\inc -I..\algrthms -IC:\WINNT\system32\drivers\NTDDK\inc -IC:\WINNT\system32\drivers\NTDDK\inc -IC:\WINNT\system32\drivers\NTDDK\private\inc -IC:\WINNT\system32\drivers\NTDDK\inc -D_X86_=1 -Di386=1  -DSTD_CALL -DCONDITION_HANDLING=1   -DNT_INST=0 -DWIN32=100 -D_NT1X_=100 -DWINNT=1 -D_WIN32_WINNT=0x0500 -DWINVER=0x0500 -D_WIN32_IE=0x0501    -DWIN32_LEAN_AND_MEAN=1 -DDEVL=1 -DFPO=1    -DNDEBUG  -DNT -D_NTDRIVER_ -D_PNP_POWER -DSECFLTR     /c /Zel /Zp8 /Gy  /W3 /WX /Gz  /QIfdiv- /QIf /QI0f /GB /Gi- /Gm- /GX-  /GR- /GF -Z7 /Oxs /Oy   -FIC:\WINNT\system32\drivers\NTDDK\inc\warning.h  .\route.c
route.c
c:\msripv6\tcpip6\common\oscfg.h(57) : fatal error C1083: Cannot open include file: 'ntddk.h': No such file or directory
cl -nologo -Ii386\ -I. -I..\common -I..\inc -I..\..\inc -IC:\WINNT\system32\drivers\NTDDK\src\network\inc -I..\algrthms -IC:\WINNT\system32\drivers\NTDDK\inc -IC:\WINNT\system32\drivers\NTDDK\inc -IC:\WINNT\system32\drivers\NTDDK\private\inc -IC:\WINNT\system32\drivers\NTDDK\inc -D_X86_=1 -Di386=1  -DSTD_CALL -DCONDITION_HANDLING=1   -DNT_INST=0 -DWIN32=100 -D_NT1X_=100 -DWINNT=1 -D_WIN32_WINNT=0x0500 -DWINVER=0x0500 -D_WIN32_IE=0x0501    -DWIN32_LEAN_AND_MEAN=1 -DDEVL=1 -DFPO=1    -DNDEBUG  -DNT -D_NTDRIVER_ -D_PNP_POWER -DSECFLTR     /c /Zel /Zp8 /Gy  /W3 /WX /Gz  /QIfdiv- /QIf /QI0f /GB /Gi- /Gm- /GX-  /GR- /GF -Z7 /Oxs /Oy   -FIC:\WINNT\system32\drivers\NTDDK\inc\warning.h  .\subr.c
subr.c
c:\msripv6\tcpip6\common\oscfg.h(57) : fatal error C1083: Cannot open include file: 'ntddk.h': No such file or directory
cl -nologo -Ii386\ -I. -I..\common -I..\inc -I..\..\inc -IC:\WINNT\system32\drivers\NTDDK\src\network\inc -I..\algrthms -IC:\WINNT\system32\drivers\NTDDK\inc -IC:\WINNT\system32\drivers\NTDDK\inc -IC:\WINNT\system32\drivers\NTDDK\private\inc -IC:\WINNT\system32\drivers\NTDDK\inc -D_X86_=1 -Di386=1  -DSTD_CALL -DCONDITION_HANDLING=1   -DNT_INST=0 -DWIN32=100 -D_NT1X_=100 -DWINNT=1 -D_WIN32_WINNT=0x0500 -DWINVER=0x0500 -D_WIN32_IE=0x0501    -DWIN32_LEAN_AND_MEAN=1 -DDEVL=1 -DFPO=1    -DNDEBUG  -DNT -D_NTDRIVER_ -D_PNP_POWER -DSECFLTR     /c /Zel /Zp8 /Gy  /W3 /WX /Gz  /QIfdiv- /QIf /QI0f /GB /Gi- /Gm- /GX-  /GR- /GF -Z7 /Oxs /Oy   -FIC:\WINNT\system32\drivers\NTDDK\inc\warning.h  .\tunnel.c
tunnel.c
c:\msripv6\tcpip6\common\oscfg.h(57) : fatal error C1083: Cannot open include file: 'ntddk.h': No such file or directory
cl -nologo -Ii386\ -I. -I..\common -I..\inc -I..\..\inc -IC:\WINNT\system32\drivers\NTDDK\src\network\inc -I..\algrthms -IC:\WINNT\system32\drivers\NTDDK\inc -IC:\WINNT\system32\drivers\NTDDK\inc -IC:\WINNT\system32\drivers\NTDDK\private\inc -IC:\WINNT\system32\drivers\NTDDK\inc -D_X86_=1 -Di386=1  -DSTD_CALL -DCONDITION_HANDLING=1   -DNT_INST=0 -DWIN32=100 -D_NT1X_=100 -DWINNT=1 -D_WIN32_WINNT=0x0500 -DWINVER=0x0500 -D_WIN32_IE=0x0501    -DWIN32_LEAN_AND_MEAN=1 -DDEVL=1 -DFPO=1    -DNDEBUG  -DNT -D_NTDRIVER_ -D_PNP_POWER -DSECFLTR     /c /Zel /Zp8 /Gy  /W3 /WX /Gz  /QIfdiv- /QIf /QI0f /GB /Gi- /Gm- /GX-  /GR- /GF -Z7 /Oxs /Oy   -FIC:\WINNT\system32\drivers\NTDDK\inc\warning.h  .\security.c
security.c
c:\msripv6\tcpip6\common\oscfg.h(57) : fatal error C1083: Cannot open include file: 'ntddk.h': No such file or directory
cl -nologo -Ii386\ -I. -I..\common -I..\inc -I..\..\inc -IC:\WINNT\system32\drivers\NTDDK\src\network\inc -I..\algrthms -IC:\WINNT\system32\drivers\NTDDK\inc -IC:\WINNT\system32\drivers\NTDDK\inc -IC:\WINNT\system32\drivers\NTDDK\private\inc -IC:\WINNT\system32\drivers\NTDDK\inc -D_X86_=1 -Di386=1  -DSTD_CALL -DCONDITION_HANDLING=1   -DNT_INST=0 -DWIN32=100 -D_NT1X_=100 -DWINNT=1 -D_WIN32_WINNT=0x0500 -DWINVER=0x0500 -D_WIN32_IE=0x0501    -DWIN32_LEAN_AND_MEAN=1 -DDEVL=1 -DFPO=1    -DNDEBUG  -DNT -D_NTDRIVER_ -D_PNP_POWER -DSECFLTR     /c /Zel /Zp8 /Gy  /W3 /WX /Gz  /QIfdiv- /QIf /QI0f /GB /Gi- /Gm- /GX-  /GR- /GF -Z7 /Oxs /Oy   -FIC:\WINNT\system32\drivers\NTDDK\inc\warning.h  .\mobile.c
mobile.c
c:\msripv6\tcpip6\common\oscfg.h(57) : fatal error C1083: Cannot open include file: 'ntddk.h': No such file or directory
	lib -out:objfre\i386\ip6.lib -debugtype:cv -IGNORE:4001,4037,4039,4044,4065,4070,4078,4087,4089,4198  /newimplib -nodefaultlib -machine:ix86 @C:\DOCUME~1\JONATH~1.000\LOCALS~1\Temp\nma02680.
Microsoft (R) Library Manager Version 6.00.8168
Copyright (C) Microsoft Corp 1992-1998. All rights reserved.

objfre\i386\ntip.obj 
LIB : fatal error LNK1181: cannot open input file "objfre\i386\ntip.obj"

Stop.
Compiling and linking c:\msripv6\tcpip6\algrthms ********************
'nmake.exe /c BUILDMSG=Stop. -i NTTEST= UMTEST= 386=1'
cl -nologo -Ii386\ -I. -I..\common -I..\ip6 -I..\inc -I..\..\inc -IC:\WINNT\system32\drivers\NTDDK\src\network\inc -IC:\WINNT\system32\drivers\NTDDK\inc -IC:\WINNT\system32\drivers\NTDDK\inc -IC:\WINNT\system32\drivers\NTDDK\private\inc -IC:\WINNT\system32\drivers\NTDDK\inc -D_X86_=1 -Di386=1  -DSTD_CALL -DCONDITION_HANDLING=1   -DNT_INST=0 -DWIN32=100 -D_NT1X_=100 -DWINNT=1 -D_WIN32_WINNT=0x0500 -DWINVER=0x0500 -D_WIN32_IE=0x0501    -DWIN32_LEAN_AND_MEAN=1 -DDEVL=1 -DFPO=1    -DNDEBUG  -DNT -D_NTDRIVER_ -D_PNP_POWER -DSECFLTR     /c /Zel /Zp8 /Gy  /W3 /WX /Gz  /QIfdiv- /QIf /QI0f /GB /Gi- /Gm- /GX-  /GR- /GF -Z7 /Oxs /Oy   -FIC:\WINNT\system32\drivers\NTDDK\inc\warning.h  .\null.c
null.c
c:\msripv6\tcpip6\common\oscfg.h(57) : fatal error C1083: Cannot open include file: 'ntddk.h': No such file or directory
cl -nologo -Ii386\ -I. -I..\common -I..\ip6 -I..\inc -I..\..\inc -IC:\WINNT\system32\drivers\NTDDK\src\network\inc -IC:\WINNT\system32\drivers\NTDDK\inc -IC:\WINNT\system32\drivers\NTDDK\inc -IC:\WINNT\system32\drivers\NTDDK\private\inc -IC:\WINNT\system32\drivers\NTDDK\inc -D_X86_=1 -Di386=1  -DSTD_CALL -DCONDITION_HANDLING=1   -DNT_INST=0 -DWIN32=100 -D_NT1X_=100 -DWINNT=1 -D_WIN32_WINNT=0x0500 -DWINVER=0x0500 -D_WIN32_IE=0x0501    -DWIN32_LEAN_AND_MEAN=1 -DDEVL=1 -DFPO=1    -DNDEBUG  -DNT -D_NTDRIVER_ -D_PNP_POWER -DSECFLTR     /c /Zel /Zp8 /Gy  /W3 /WX /Gz  /QIfdiv- /QIf /QI0f /GB /Gi- /Gm- /GX-  /GR- /GF -Z7 /Oxs /Oy   -FIC:\WINNT\system32\drivers\NTDDK\inc\warning.h  .\md5.c
md5.c
cl -nologo -Ii386\ -I. -I..\common -I..\ip6 -I..\inc -I..\..\inc -IC:\WINNT\system32\drivers\NTDDK\src\network\inc -IC:\WINNT\system32\drivers\NTDDK\inc -IC:\WINNT\system32\drivers\NTDDK\inc -IC:\WINNT\system32\drivers\NTDDK\private\inc -IC:\WINNT\system32\drivers\NTDDK\inc -D_X86_=1 -Di386=1  -DSTD_CALL -DCONDITION_HANDLING=1   -DNT_INST=0 -DWIN32=100 -D_NT1X_=100 -DWINNT=1 -D_WIN32_WINNT=0x0500 -DWINVER=0x0500 -D_WIN32_IE=0x0501    -DWIN32_LEAN_AND_MEAN=1 -DDEVL=1 -DFPO=1    -DNDEBUG  -DNT -D_NTDRIVER_ -D_PNP_POWER -DSECFLTR     /c /Zel /Zp8 /Gy  /W3 /WX /Gz  /QIfdiv- /QIf /QI0f /GB /Gi- /Gm- /GX-  /GR- /GF -Z7 /Oxs /Oy   -FIC:\WINNT\system32\drivers\NTDDK\inc\warning.h  .\hmacmd5.c
hmacmd5.c
c:\msripv6\tcpip6\common\oscfg.h(57) : fatal error C1083: Cannot open include file: 'ntddk.h': No such file or directory
cl -nologo -Ii386\ -I. -I..\common -I..\ip6 -I..\inc -I..\..\inc -IC:\WINNT\system32\drivers\NTDDK\src\network\inc -IC:\WINNT\system32\drivers\NTDDK\inc -IC:\WINNT\system32\drivers\NTDDK\inc -IC:\WINNT\system32\drivers\NTDDK\private\inc -IC:\WINNT\system32\drivers\NTDDK\inc -D_X86_=1 -Di386=1  -DSTD_CALL -DCONDITION_HANDLING=1   -DNT_INST=0 -DWIN32=100 -D_NT1X_=100 -DWINNT=1 -D_WIN32_WINNT=0x0500 -DWINVER=0x0500 -D_WIN32_IE=0x0501    -DWIN32_LEAN_AND_MEAN=1 -DDEVL=1 -DFPO=1    -DNDEBUG  -DNT -D_NTDRIVER_ -D_PNP_POWER -DSECFLTR     /c /Zel /Zp8 /Gy  /W3 /WX /Gz  /QIfdiv- /QIf /QI0f /GB /Gi- /Gm- /GX-  /GR- /GF -Z7 /Oxs /Oy   -FIC:\WINNT\system32\drivers\NTDDK\inc\warning.h  .\sha1.c
sha1.c
c:\msripv6\tcpip6\common\oscfg.h(57) : fatal error C1083: Cannot open include file: 'ntddk.h': No such file or directory
cl -nologo -Ii386\ -I. -I..\common -I..\ip6 -I..\inc -I..\..\inc -IC:\WINNT\system32\drivers\NTDDK\src\network\inc -IC:\WINNT\system32\drivers\NTDDK\inc -IC:\WINNT\system32\drivers\NTDDK\inc -IC:\WINNT\system32\drivers\NTDDK\private\inc -IC:\WINNT\system32\drivers\NTDDK\inc -D_X86_=1 -Di386=1  -DSTD_CALL -DCONDITION_HANDLING=1   -DNT_INST=0 -DWIN32=100 -D_NT1X_=100 -DWINNT=1 -D_WIN32_WINNT=0x0500 -DWINVER=0x0500 -D_WIN32_IE=0x0501    -DWIN32_LEAN_AND_MEAN=1 -DDEVL=1 -DFPO=1    -DNDEBUG  -DNT -D_NTDRIVER_ -D_PNP_POWER -DSECFLTR     /c /Zel /Zp8 /Gy  /W3 /WX /Gz  /QIfdiv- /QIf /QI0f /GB /Gi- /Gm- /GX-  /GR- /GF -Z7 /Oxs /Oy   -FIC:\WINNT\system32\drivers\NTDDK\inc\warning.h  .\hmacsha1.c
hmacsha1.c
c:\msripv6\tcpip6\common\oscfg.h(57) : fatal error C1083: Cannot open include file: 'ntddk.h': No such file or directory
cl -nologo -Ii386\ -I. -I..\common -I..\ip6 -I..\inc -I..\..\inc -IC:\WINNT\system32\drivers\NTDDK\src\network\inc -IC:\WINNT\system32\drivers\NTDDK\inc -IC:\WINNT\system32\drivers\NTDDK\inc -IC:\WINNT\system32\drivers\NTDDK\private\inc -IC:\WINNT\system32\drivers\NTDDK\inc -D_X86_=1 -Di386=1  -DSTD_CALL -DCONDITION_HANDLING=1   -DNT_INST=0 -DWIN32=100 -D_NT1X_=100 -DWINNT=1 -D_WIN32_WINNT=0x0500 -DWINVER=0x0500 -D_WIN32_IE=0x0501    -DWIN32_LEAN_AND_MEAN=1 -DDEVL=1 -DFPO=1    -DNDEBUG  -DNT -D_NTDRIVER_ -D_PNP_POWER -DSECFLTR     /c /Zel /Zp8 /Gy  /W3 /WX /Gz  /QIfdiv- /QIf /QI0f /GB /Gi- /Gm- /GX-  /GR- /GF -Z7 /Oxs /Oy   -FIC:\WINNT\system32\drivers\NTDDK\inc\warning.h  .\algrthms.c
algrthms.c
c:\msripv6\tcpip6\common\oscfg.h(57) : fatal error C1083: Cannot open include file: 'ntddk.h': No such file or directory
	lib -out:objfre\i386\algrthms.lib -debugtype:cv -IGNORE:4001,4037,4039,4044,4065,4070,4078,4087,4089,4198  /newimplib -nodefaultlib -machine:ix86 @C:\DOCUME~1\JONATH~1.000\LOCALS~1\Temp\nma02684.
Microsoft (R) Library Manager Version 6.00.8168
Copyright (C) Microsoft Corp 1992-1998. All rights reserved.

objfre\i386\null.obj 
LIB : fatal error LNK1181: cannot open input file "objfre\i386\null.obj"

Stop.
Compiling and linking c:\msripv6\tcpip6\udp ********************
'nmake.exe /c BUILDMSG=Stop. -i NTTEST= UMTEST= 386=1'
cl -nologo -Ii386\ -I. -I..\common -I..\ip6 -I..\inc -I..\..\inc -IC:\WINNT\system32\drivers\NTDDK\src\network\inc -IC:\WINNT\system32\drivers\NTDDK\inc -IC:\WINNT\system32\drivers\NTDDK\inc -IC:\WINNT\system32\drivers\NTDDK\private\inc -IC:\WINNT\system32\drivers\NTDDK\inc -D_X86_=1 -Di386=1  -DSTD_CALL -DCONDITION_HANDLING=1   -DNT_INST=0 -DWIN32=100 -D_NT1X_=100 -DWINNT=1 -D_WIN32_WINNT=0x0500 -DWINVER=0x0500 -D_WIN32_IE=0x0501    -DWIN32_LEAN_AND_MEAN=1 -DDEVL=1 -DFPO=1    -DNDEBUG  -DNT -D_NTDRIVER_ -D_PNP_POWER     /c /Zel /Zp8 /Gy  /W3 /WX /Gz  /QIfdiv- /QIf /QI0f /GB /Gi- /Gm- /GX-  /GR- /GF -Z7 /Oxs /Oy   -FIC:\WINNT\system32\drivers\NTDDK\inc\warning.h  .\datagram.c
datagram.c
c:\msripv6\tcpip6\common\oscfg.h(57) : fatal error C1083: Cannot open include file: 'ntddk.h': No such file or directory
cl -nologo -Ii386\ -I. -I..\common -I..\ip6 -I..\inc -I..\..\inc -IC:\WINNT\system32\drivers\NTDDK\src\network\inc -IC:\WINNT\system32\drivers\NTDDK\inc -IC:\WINNT\system32\drivers\NTDDK\inc -IC:\WINNT\system32\drivers\NTDDK\private\inc -IC:\WINNT\system32\drivers\NTDDK\inc -D_X86_=1 -Di386=1  -DSTD_CALL -DCONDITION_HANDLING=1   -DNT_INST=0 -DWIN32=100 -D_NT1X_=100 -DWINNT=1 -D_WIN32_WINNT=0x0500 -DWINVER=0x0500 -D_WIN32_IE=0x0501    -DWIN32_LEAN_AND_MEAN=1 -DDEVL=1 -DFPO=1    -DNDEBUG  -DNT -D_NTDRIVER_ -D_PNP_POWER     /c /Zel /Zp8 /Gy  /W3 /WX /Gz  /QIfdiv- /QIf /QI0f /GB /Gi- /Gm- /GX-  /GR- /GF -Z7 /Oxs /Oy   -FIC:\WINNT\system32\drivers\NTDDK\inc\warning.h  .\init.c
init.c
c:\msripv6\tcpip6\common\oscfg.h(57) : fatal error C1083: Cannot open include file: 'ntddk.h': No such file or directory
cl -nologo -Ii386\ -I. -I..\common -I..\ip6 -I..\inc -I..\..\inc -IC:\WINNT\system32\drivers\NTDDK\src\network\inc -IC:\WINNT\system32\drivers\NTDDK\inc -IC:\WINNT\system32\drivers\NTDDK\inc -IC:\WINNT\system32\drivers\NTDDK\private\inc -IC:\WINNT\system32\drivers\NTDDK\inc -D_X86_=1 -Di386=1  -DSTD_CALL -DCONDITION_HANDLING=1   -DNT_INST=0 -DWIN32=100 -D_NT1X_=100 -DWINNT=1 -D_WIN32_WINNT=0x0500 -DWINVER=0x0500 -D_WIN32_IE=0x0501    -DWIN32_LEAN_AND_MEAN=1 -DDEVL=1 -DFPO=1    -DNDEBUG  -DNT -D_NTDRIVER_ -D_PNP_POWER     /c /Zel /Zp8 /Gy  /W3 /WX /Gz  /QIfdiv- /QIf /QI0f /GB /Gi- /Gm- /GX-  /GR- /GF -Z7 /Oxs /Oy   -FIC:\WINNT\system32\drivers\NTDDK\inc\warning.h  .\raw.c
raw.c
c:\msripv6\tcpip6\common\oscfg.h(57) : fatal error C1083: Cannot open include file: 'ntddk.h': No such file or directory
cl -nologo -Ii386\ -I. -I..\common -I..\ip6 -I..\inc -I..\..\inc -IC:\WINNT\system32\drivers\NTDDK\src\network\inc -IC:\WINNT\system32\drivers\NTDDK\inc -IC:\WINNT\system32\drivers\NTDDK\inc -IC:\WINNT\system32\drivers\NTDDK\private\inc -IC:\WINNT\system32\drivers\NTDDK\inc -D_X86_=1 -Di386=1  -DSTD_CALL -DCONDITION_HANDLING=1   -DNT_INST=0 -DWIN32=100 -D_NT1X_=100 -DWINNT=1 -D_WIN32_WINNT=0x0500 -DWINVER=0x0500 -D_WIN32_IE=0x0501    -DWIN32_LEAN_AND_MEAN=1 -DDEVL=1 -DFPO=1    -DNDEBUG  -DNT -D_NTDRIVER_ -D_PNP_POWER     /c /Zel /Zp8 /Gy  /W3 /WX /Gz  /QIfdiv- /QIf /QI0f /GB /Gi- /Gm- /GX-  /GR- /GF -Z7 /Oxs /Oy   -FIC:\WINNT\system32\drivers\NTDDK\inc\warning.h  .\udp.c
udp.c
c:\msripv6\tcpip6\common\oscfg.h(57) : fatal error C1083: Cannot open include file: 'ntddk.h': No such file or directory
	lib -out:objfre\i386\udp.lib -debugtype:cv -IGNORE:4001,4037,4039,4044,4065,4070,4078,4087,4089,4198  /newimplib -nodefaultlib -machine:ix86 @C:\DOCUME~1\JONATH~1.000\LOCALS~1\Temp\nma02680.
Microsoft (R) Library Manager Version 6.00.8168
Copyright (C) Microsoft Corp 1992-1998. All rights reserved.

objfre\i386\datagram.obj 
LIB : fatal error LNK1181: cannot open input file "objfre\i386\datagram.obj"

Stop.
Compiling and linking c:\msripv6\tcpip6\tcp ********************
'nmake.exe /c BUILDMSG=Stop. -i NTTEST= UMTEST= 386=1'
cl -nologo -Ii386\ -I. -I..\common -I..\ip6 -I..\inc -I..\..\inc -IC:\WINNT\system32\drivers\NTDDK\src\network\inc -IC:\WINNT\system32\drivers\NTDDK\inc -IC:\WINNT\system32\drivers\NTDDK\inc -IC:\WINNT\system32\drivers\NTDDK\private\inc -IC:\WINNT\system32\drivers\NTDDK\inc -D_X86_=1 -Di386=1  -DSTD_CALL -DCONDITION_HANDLING=1   -DNT_INST=0 -DWIN32=100 -D_NT1X_=100 -DWINNT=1 -D_WIN32_WINNT=0x0500 -DWINVER=0x0500 -D_WIN32_IE=0x0501    -DWIN32_LEAN_AND_MEAN=1 -DDEVL=1 -DFPO=1    -DNDEBUG  -DNT -D_NTDRIVER_ -D_PNP_POWER     /c /Zel /Zp8 /Gy  /W3 /WX /Gz  /QIfdiv- /QIf /QI0f /GB /Gi- /Gm- /GX-  /GR- /GF -Z7 /Oxs /Oy   -FIC:\WINNT\system32\drivers\NTDDK\inc\warning.h  .\tcb.c
tcb.c
c:\msripv6\tcpip6\common\oscfg.h(57) : fatal error C1083: Cannot open include file: 'ntddk.h': No such file or directory
cl -nologo -Ii386\ -I. -I..\common -I..\ip6 -I..\inc -I..\..\inc -IC:\WINNT\system32\drivers\NTDDK\src\network\inc -IC:\WINNT\system32\drivers\NTDDK\inc -IC:\WINNT\system32\drivers\NTDDK\inc -IC:\WINNT\system32\drivers\NTDDK\private\inc -IC:\WINNT\system32\drivers\NTDDK\inc -D_X86_=1 -Di386=1  -DSTD_CALL -DCONDITION_HANDLING=1   -DNT_INST=0 -DWIN32=100 -D_NT1X_=100 -DWINNT=1 -D_WIN32_WINNT=0x0500 -DWINVER=0x0500 -D_WIN32_IE=0x0501    -DWIN32_LEAN_AND_MEAN=1 -DDEVL=1 -DFPO=1    -DNDEBUG  -DNT -D_NTDRIVER_ -D_PNP_POWER     /c /Zel /Zp8 /Gy  /W3 /WX /Gz  /QIfdiv- /QIf /QI0f /GB /Gi- /Gm- /GX-  /GR- /GF -Z7 /Oxs /Oy   -FIC:\WINNT\system32\drivers\NTDDK\inc\warning.h  .\tcpconn.c
tcpconn.c
c:\msripv6\tcpip6\common\oscfg.h(57) : fatal error C1083: Cannot open include file: 'ntddk.h': No such file or directory
cl -nologo -Ii386\ -I. -I..\common -I..\ip6 -I..\inc -I..\..\inc -IC:\WINNT\system32\drivers\NTDDK\src\network\inc -IC:\WINNT\system32\drivers\NTDDK\inc -IC:\WINNT\system32\drivers\NTDDK\inc -IC:\WINNT\system32\drivers\NTDDK\private\inc -IC:\WINNT\system32\drivers\NTDDK\inc -D_X86_=1 -Di386=1  -DSTD_CALL -DCONDITION_HANDLING=1   -DNT_INST=0 -DWIN32=100 -D_NT1X_=100 -DWINNT=1 -D_WIN32_WINNT=0x0500 -DWINVER=0x0500 -D_WIN32_IE=0x0501    -DWIN32_LEAN_AND_MEAN=1 -DDEVL=1 -DFPO=1    -DNDEBUG  -DNT -D_NTDRIVER_ -D_PNP_POWER     /c /Zel /Zp8 /Gy  /W3 /WX /Gz  /QIfdiv- /QIf /QI0f /GB /Gi- /Gm- /GX-  /GR- /GF -Z7 /Oxs /Oy   -FIC:\WINNT\system32\drivers\NTDDK\inc\warning.h  .\tcpdeb.c
tcpdeb.c
c:\msripv6\tcpip6\common\oscfg.h(57) : fatal error C1083: Cannot open include file: 'ntddk.h': No such file or directory
cl -nologo -Ii386\ -I. -I..\common -I..\ip6 -I..\inc -I..\..\inc -IC:\WINNT\system32\drivers\NTDDK\src\network\inc -IC:\WINNT\system32\drivers\NTDDK\inc -IC:\WINNT\system32\drivers\NTDDK\inc -IC:\WINNT\system32\drivers\NTDDK\private\inc -IC:\WINNT\system32\drivers\NTDDK\inc -D_X86_=1 -Di386=1  -DSTD_CALL -DCONDITION_HANDLING=1   -DNT_INST=0 -DWIN32=100 -D_NT1X_=100 -DWINNT=1 -D_WIN32_WINNT=0x0500 -DWINVER=0x0500 -D_WIN32_IE=0x0501    -DWIN32_LEAN_AND_MEAN=1 -DDEVL=1 -DFPO=1    -DNDEBUG  -DNT -D_NTDRIVER_ -D_PNP_POWER     /c /Zel /Zp8 /Gy  /W3 /WX /Gz  /QIfdiv- /QIf /QI0f /GB /Gi- /Gm- /GX-  /GR- /GF -Z7 /Oxs /Oy   -FIC:\WINNT\system32\drivers\NTDDK\inc\warning.h  .\tcpdeliv.c
tcpdeliv.c
c:\msripv6\tcpip6\common\oscfg.h(57) : fatal error C1083: Cannot open include file: 'ntddk.h': No such file or directory
cl -nologo -Ii386\ -I. -I..\common -I..\ip6 -I..\inc -I..\..\inc -IC:\WINNT\system32\drivers\NTDDK\src\network\inc -IC:\WINNT\system32\drivers\NTDDK\inc -IC:\WINNT\system32\drivers\NTDDK\inc -IC:\WINNT\system32\drivers\NTDDK\private\inc -IC:\WINNT\system32\drivers\NTDDK\inc -D_X86_=1 -Di386=1  -DSTD_CALL -DCONDITION_HANDLING=1   -DNT_INST=0 -DWIN32=100 -D_NT1X_=100 -DWINNT=1 -D_WIN32_WINNT=0x0500 -DWINVER=0x0500 -D_WIN32_IE=0x0501    -DWIN32_LEAN_AND_MEAN=1 -DDEVL=1 -DFPO=1    -DNDEBUG  -DNT -D_NTDRIVER_ -D_PNP_POWER     /c /Zel /Zp8 /Gy  /W3 /WX /Gz  /QIfdiv- /QIf /QI0f /GB /Gi- /Gm- /GX-  /GR- /GF -Z7 /Oxs /Oy   -FIC:\WINNT\system32\drivers\NTDDK\inc\warning.h  .\tcprcv.c
tcprcv.c
c:\msripv6\tcpip6\common\oscfg.h(57) : fatal error C1083: Cannot open include file: 'ntddk.h': No such file or directory
cl -nologo -Ii386\ -I. -I..\common -I..\ip6 -I..\inc -I..\..\inc -IC:\WINNT\system32\drivers\NTDDK\src\network\inc -IC:\WINNT\system32\drivers\NTDDK\inc -IC:\WINNT\system32\drivers\NTDDK\inc -IC:\WINNT\system32\drivers\NTDDK\private\inc -IC:\WINNT\system32\drivers\NTDDK\inc -D_X86_=1 -Di386=1  -DSTD_CALL -DCONDITION_HANDLING=1   -DNT_INST=0 -DWIN32=100 -D_NT1X_=100 -DWINNT=1 -D_WIN32_WINNT=0x0500 -DWINVER=0x0500 -D_WIN32_IE=0x0501    -DWIN32_LEAN_AND_MEAN=1 -DDEVL=1 -DFPO=1    -DNDEBUG  -DNT -D_NTDRIVER_ -D_PNP_POWER     /c /Zel /Zp8 /Gy  /W3 /WX /Gz  /QIfdiv- /QIf /QI0f /GB /Gi- /Gm- /GX-  /GR- /GF -Z7 /Oxs /Oy   -FIC:\WINNT\system32\drivers\NTDDK\inc\warning.